[debug] [2019-11-05T18:36:53.676Z] ----------------------------------------------------------------------
[debug] [2019-11-05T18:36:53.678Z] Command:       C:\Program Files\nodejs\node.exe C:\Users\Yu\AppData\Roaming\npm\node_modules\firebase-tools\lib\bin\firebase.js init
[debug] [2019-11-05T18:36:53.678Z] CLI Version:   7.6.2
[debug] [2019-11-05T18:36:53.678Z] Platform:      win32
[debug] [2019-11-05T18:36:53.678Z] Node Version:  v12.0.0
[debug] [2019-11-05T18:36:53.679Z] Time:          Tue Nov 05 2019 13:36:53 GMT-0500 (Eastern Standard Time)
[debug] [2019-11-05T18:36:53.679Z] ----------------------------------------------------------------------
[debug] [2019-11-05T18:36:53.679Z] 
[debug] [2019-11-05T18:36:53.686Z] > command requires scopes: ["email","openid","https://www.googleapis.com/auth/cloudplatformprojects.readonly","https://www.googleapis.com/auth/firebase","https://www.googleapis.com/auth/cloud-platform"]
[debug] [2019-11-05T18:36:53.687Z] > authorizing via signed-in user
[info] 
     ######## #### ########  ######## ########     ###     ######  ########
     ##        ##  ##     ## ##       ##     ##  ##   ##  ##       ##
     ######    ##  ########  ######   ########  #########  ######  ######
     ##        ##  ##    ##  ##       ##     ## ##     ##       ## ##
     ##       #### ##     ## ######## ########  ##     ##  ######  ########

You're about to initialize a Firebase project in this directory:

  C:\Users\Yu\Desktop\sbu2019fall\cse316\todo_hw3

Before we get started, keep in mind:

  * You are initializing in an existing Firebase project directory

[info] 
=== Project Setup
[info] 
[info] First, let's associate this project directory with a Firebase project.
[info] You can create multiple project aliases by running firebase use --add, 
[info] but for now we'll just set up a default project.
[info] 
[info] i  .firebaserc already has a default project, using your-firebase-project.
[debug] [2019-11-05T18:36:59.331Z] > refreshing access token with scopes: ["email","https://www.googleapis.com/auth/cloud-platform","https://www.googleapis.com/auth/cloudplatformprojects.readonly","https://www.googleapis.com/auth/firebase","openid"]
[debug] [2019-11-05T18:36:59.331Z] >>> HTTP REQUEST POST https://www.googleapis.com/oauth2/v3/token  
 <request body omitted>
[debug] [2019-11-05T18:36:59.547Z] <<< HTTP RESPONSE 200
[debug] [2019-11-05T18:36:59.556Z] >>> HTTP REQUEST GET https://firebase.googleapis.com/v1beta1/projects/your-firebase-project  
 
[debug] [2019-11-05T18:36:59.981Z] <<< HTTP RESPONSE 403
[debug] [2019-11-05T18:36:59.981Z] <<< HTTP RESPONSE BODY
[debug] [2019-11-05T18:36:59.982Z] HTTP Error: 403, The caller does not have permission
[debug] [2019-11-05T18:37:00.059Z] FirebaseError: HTTP Error: 403, The caller does not have permission
    at module.exports (C:\Users\Yu\AppData\Roaming\npm\node_modules\firebase-tools\lib\responseToError.js:38:12)
    at Request._callback (C:\Users\Yu\AppData\Roaming\npm\node_modules\firebase-tools\lib\api.js:39:35)
    at Request.self.callback (C:\Users\Yu\AppData\Roaming\npm\node_modules\firebase-tools\node_modules\request\request.js:185:22)
    at Request.emit (events.js:196:13)
    at Request.EventEmitter.emit (domain.js:471:20)
    at Request.<anonymous> (C:\Users\Yu\AppData\Roaming\npm\node_modules\firebase-tools\node_modules\request\request.js:1161:10)
    at Request.emit (events.js:196:13)
    at Request.EventEmitter.emit (domain.js:471:20)
    at IncomingMessage.<anonymous> (C:\Users\Yu\AppData\Roaming\npm\node_modules\firebase-tools\node_modules\request\request.js:1083:12)
    at Object.onceWrapper (events.js:284:20)
[error] 
[error] Error: Failed to get Firebase project your-firebase-project. Please make sure the project exists and your account has permission to access it.
